<?xml version="1.0" encoding="UTF-8"?>
<!-- Generated by org.testng.reporters.JUnitXMLReporter -->
<testsuite ignored="2" hostname="LAPTOP-ILEVVRC8" failures="5" tests="6" name="Test-firefox" time="48.186" errors="0" timestamp="2025-07-10T16:34:42 IST">
  <testcase classname="CrmContactTest.CrmCreateContact" name="createContactWithOrg" time="4.773">
    <failure type="java.lang.AssertionError" message="expected [whatsapp2256] but found [[ ACC28189 ] whatsapp2256 - Organization Information]">
      <![CDATA[java.lang.AssertionError: expected [whatsapp2256] but found [[ ACC28189 ] whatsapp2256 - Organization Information]
at CrmContactTest.CrmCreateContact.createContactWithOrg(CrmCreateContact.java:64)
at java.base/java.util.ArrayList.forEach(ArrayList.java:1511)
at java.base/java.util.concurrent.FutureTask.run(FutureTask.java:264)
at java.base/java.util.concurrent.ThreadPoolExecutor.runWorker(ThreadPoolExecutor.java:1136)
at java.base/java.util.concurrent.ThreadPoolExecutor$Worker.run(ThreadPoolExecutor.java:635)
at java.base/java.lang.Thread.run(Thread.java:842)
... Removed 23 stack frames]]>
    </failure>
  </testcase> <!-- createContactWithOrg -->
  <testcase classname="CrmContactTest.CrmCreateContact" name="createContactWithSupportDate" time="5.763">
    <failure type="java.lang.AssertionError" message="expected [2025-07-10] but found [   2025-07-10]">
      <![CDATA[java.lang.AssertionError: expected [2025-07-10] but found [   2025-07-10]
at CrmContactTest.CrmCreateContact.createContactWithSupportDate(CrmCreateContact.java:123)
at java.base/java.util.ArrayList.forEach(ArrayList.java:1511)
at java.base/java.util.concurrent.FutureTask.run(FutureTask.java:264)
at java.base/java.util.concurrent.ThreadPoolExecutor.runWorker(ThreadPoolExecutor.java:1136)
at java.base/java.util.concurrent.ThreadPoolExecutor$Worker.run(ThreadPoolExecutor.java:635)
at java.base/java.lang.Thread.run(Thread.java:842)
... Removed 23 stack frames]]>
    </failure>
  </testcase> <!-- createContactWithSupportDate -->
  <testcase classname="CrmContactTest.CrmCreateContact" name="crmCreateContact" time="5.016">
    <failure type="java.lang.AssertionError" message="expected [gowda_931] but found [  gowda_931]">
      <![CDATA[java.lang.AssertionError: expected [gowda_931] but found [  gowda_931]
at CrmContactTest.CrmCreateContact.crmCreateContact(CrmCreateContact.java:39)
at java.base/java.util.ArrayList.forEach(ArrayList.java:1511)
at java.base/java.util.concurrent.FutureTask.run(FutureTask.java:264)
at java.base/java.util.concurrent.ThreadPoolExecutor.runWorker(ThreadPoolExecutor.java:1136)
at java.base/java.util.concurrent.ThreadPoolExecutor$Worker.run(ThreadPoolExecutor.java:635)
at java.base/java.lang.Thread.run(Thread.java:842)
... Removed 23 stack frames]]>
    </failure>
  </testcase> <!-- crmCreateContact -->
  <testcase classname="CrmOrgTest.CreateOrg" name="CreateOrgWithIndustry" time="5.091">
    <failure type="java.lang.AssertionError" message="expected [true] but found [false]">
      <![CDATA[java.lang.AssertionError: expected [true] but found [false]
at CrmOrgTest.CreateOrg.CreateOrgWithIndustry(CreateOrg.java:77)
at java.base/java.util.ArrayList.forEach(ArrayList.java:1511)
at java.base/java.util.concurrent.FutureTask.run(FutureTask.java:264)
at java.base/java.util.concurrent.ThreadPoolExecutor.runWorker(ThreadPoolExecutor.java:1136)
at java.base/java.util.concurrent.ThreadPoolExecutor$Worker.run(ThreadPoolExecutor.java:635)
at java.base/java.lang.Thread.run(Thread.java:842)
... Removed 24 stack frames]]>
    </failure>
  </testcase> <!-- CreateOrgWithIndustry -->
  <testcase classname="CrmOrgTest.CreateOrg" name="CreateOrgWithPhNo" time="5.742"/>
  <testcase classname="CrmOrgTest.CreateOrg" name="createOrg" time="5.106">
    <failure type="java.lang.AssertionError" message="expected [[ ACC28194 ] insta_1155 - Organization Information] but found [insta_1155]">
      <![CDATA[java.lang.AssertionError: expected [[ ACC28194 ] insta_1155 - Organization Information] but found [insta_1155]
at CrmOrgTest.CreateOrg.createOrg(CreateOrg.java:38)
at java.base/java.util.ArrayList.forEach(ArrayList.java:1511)
at java.base/java.util.concurrent.FutureTask.run(FutureTask.java:264)
at java.base/java.util.concurrent.ThreadPoolExecutor.runWorker(ThreadPoolExecutor.java:1136)
at java.base/java.util.concurrent.ThreadPoolExecutor$Worker.run(ThreadPoolExecutor.java:635)
at java.base/java.lang.Thread.run(Thread.java:842)
... Removed 23 stack frames]]>
    </failure>
  </testcase> <!-- createOrg -->
  <testcase classname="BaseClass.BaseClass" name="@AfterSuite configAs" time="0.0">
    <ignored/>
  </testcase> <!-- @AfterSuite configAs -->
  <testcase classname="BaseClass.BaseClass" name="@BeforeSuite configBS" time="0.0">
    <ignored/>
  </testcase> <!-- @BeforeSuite configBS -->
</testsuite> <!-- Test-firefox -->
